<?xml version="1.0" encoding="UTF-8"?>
<!-- Generated by org.testng.reporters.JUnitReportReporter -->
<testsuite skipped="0" hostname="L-442000088" name="testNG.Test3" tests="4" failures="0" timestamp="21 Mar 2019 05:07:25 GMT" time="12.580" errors="0">
  <testcase name="tt" time="0.001" classname="testNG.Test3"/>
  <testcase name="ff" time="7.230" classname="testNG.Test3"/>
  <testcase name="ff" time="5.348" classname="testNG.Test3"/>
  <testcase name="tt" time="0.001" classname="testNG.Test3"/>
</testsuite> <!-- testNG.Test3 -->
