<?xml version="1.0" encoding="UTF-8"?>
<!-- Generated by org.testng.reporters.JUnitReportReporter -->
<testsuite skipped="0" hostname="L-442000088" name="test3.com.Test3" tests="5" failures="0" timestamp="04 Apr 2019 05:00:14 GMT" time="0.049" errors="0">
  <testcase name="f" time="0.003" classname="test3.com.Test3"/>
  <testcase name="f" time="0.009" classname="test3.com.Test3"/>
  <testcase name="f1" time="0.003" classname="test3.com.Test3"/>
  <testcase name="e" time="0.014" classname="test3.com.Test3"/>
  <testcase name="e" time="0.020" classname="test3.com.Test3"/>
</testsuite> <!-- test3.com.Test3 -->
