<?xml version="1.0" encoding="UTF-8"?>
<!-- Generated by org.testng.reporters.JUnitReportReporter -->
<testsuite skipped="0" hostname="L-442000088" name="testNG.ParallelTesting" tests="1" failures="0" timestamp="21 Mar 2019 05:07:25 GMT" time="7.201" errors="0">
  <testcase name="ff" time="7.201" classname="testNG.ParallelTesting"/>
</testsuite> <!-- testNG.ParallelTesting -->
