<?xml version="1.0" encoding="UTF-8"?>
<!-- Generated by org.testng.reporters.JUnitReportReporter -->
<testsuite skipped="0" hostname="L-442000088" name="testNG.Test1" tests="2" failures="0" timestamp="20 Mar 2019 09:55:27 GMT" time="0.015" errors="0">
  <testcase name="test" time="0.012" classname="testNG.Test1"/>
  <testcase name="test1" time="0.003" classname="testNG.Test1"/>
</testsuite> <!-- testNG.Test1 -->
