<?xml version="1.0" encoding="UTF-8"?>
<!-- Generated by org.testng.reporters.JUnitReportReporter -->
<testsuite skipped="0" hostname="L-442000088" name="test3.com.Test5" tests="2" failures="0" timestamp="26 Mar 2019 06:11:13 GMT" time="0.017" errors="0">
  <testcase name="a" time="0.002" classname="test3.com.Test5"/>
  <testcase name="b" time="0.015" classname="test3.com.Test5"/>
</testsuite> <!-- test3.com.Test5 -->
