<?xml version="1.0" encoding="UTF-8"?>
<!-- Generated by org.testng.reporters.JUnitReportReporter -->
<testsuite skipped="0" hostname="L-442000088" name="test3.com.Exceptions" tests="1" failures="0" timestamp="18 Apr 2019 15:00:26 GMT" time="0.013" errors="0">
  <testcase name="Hello" time="0.013" classname="test3.com.Exceptions"/>
</testsuite> <!-- test3.com.Exceptions -->
