<?xml version="1.0" encoding="UTF-8"?>
<!-- Generated by org.testng.reporters.JUnitReportReporter -->
<testsuite skipped="1" hostname="L-442000088" name="test3.com.Test4" tests="2" failures="0" timestamp="23 Apr 2019 06:25:00 GMT" time="41.311" errors="0">
  <testcase name="tets1" time="41.311" classname="test3.com.Test4"/>
  <testcase name="test" classname="test3.com.Test4">
    <skipped/>
  </testcase> <!-- test -->
</testsuite> <!-- test3.com.Test4 -->
